[2020-09-07 02:32:57Z INFO HostContext] No proxy settings were found based on environmental variables (http_proxy/https_proxy/HTTP_PROXY/HTTPS_PROXY)
[2020-09-07 02:32:57Z INFO HostContext] Well known directory 'Bin': '/Users/kokaan.chen/Desktop/VaporProject/larave_vapor_test/actions-runner/bin'
[2020-09-07 02:32:57Z INFO HostContext] Well known directory 'Root': '/Users/kokaan.chen/Desktop/VaporProject/larave_vapor_test/actions-runner'
[2020-09-07 02:32:57Z INFO HostContext] Well known config file 'Credentials': '/Users/kokaan.chen/Desktop/VaporProject/larave_vapor_test/actions-runner/.credentials'
[2020-09-07 02:32:57Z INFO Listener] Runner is built for OSX (X64) - osx-x64.
[2020-09-07 02:32:57Z INFO Listener] RuntimeInformation: Darwin 19.3.0 Darwin Kernel Version 19.3.0: Thu Jan  9 20:58:23 PST 2020; root:xnu-6153.81.5~1/RELEASE_X86_64.
[2020-09-07 02:32:57Z INFO Listener] Version: 2.273.0
[2020-09-07 02:32:57Z INFO Listener] Commit: 1d68b0448c8b517e82c7eebbc4f226e6ed088e3d
[2020-09-07 02:32:57Z INFO Listener] Culture: en-GB
[2020-09-07 02:32:57Z INFO Listener] UI Culture: en-GB
[2020-09-07 02:32:57Z INFO HostContext] Well known directory 'Bin': '/Users/kokaan.chen/Desktop/VaporProject/larave_vapor_test/actions-runner/bin'
[2020-09-07 02:32:57Z INFO HostContext] Well known directory 'Root': '/Users/kokaan.chen/Desktop/VaporProject/larave_vapor_test/actions-runner'
[2020-09-07 02:32:57Z INFO Listener] Validating directory permissions for: '/Users/kokaan.chen/Desktop/VaporProject/larave_vapor_test/actions-runner'
[2020-09-07 02:32:57Z INFO CommandLineParser] Parse
[2020-09-07 02:32:57Z INFO CommandLineParser] Parsing 5 args
[2020-09-07 02:32:57Z INFO CommandLineParser] parsing argument
[2020-09-07 02:32:57Z INFO CommandLineParser] HasArgs: False
[2020-09-07 02:32:57Z INFO CommandLineParser] Adding Command: configure
[2020-09-07 02:32:57Z INFO CommandLineParser] parsing argument
[2020-09-07 02:32:57Z INFO CommandLineParser] HasArgs: True
[2020-09-07 02:32:57Z INFO CommandLineParser] arg: url
[2020-09-07 02:32:57Z INFO CommandLineParser] parsing argument
[2020-09-07 02:32:57Z INFO CommandLineParser] HasArgs: True
[2020-09-07 02:32:57Z INFO CommandLineParser] Adding option 'url': 'https://github.com/kokaanchen/test'
[2020-09-07 02:32:57Z INFO CommandLineParser] parsing argument
[2020-09-07 02:32:57Z INFO CommandLineParser] HasArgs: True
[2020-09-07 02:32:57Z INFO CommandLineParser] arg: token
[2020-09-07 02:32:57Z INFO CommandLineParser] parsing argument
[2020-09-07 02:32:57Z INFO CommandLineParser] HasArgs: True
[2020-09-07 02:32:57Z INFO CommandLineParser] Adding option 'token': '***'
[2020-09-07 02:32:57Z INFO Listener] Arguments parsed
[2020-09-07 02:32:57Z INFO Runner] ExecuteCommand
[2020-09-07 02:32:57Z INFO ConfigurationStore] currentAssemblyLocation: /Users/kokaan.chen/Desktop/VaporProject/larave_vapor_test/actions-runner/bin/Runner.Listener.dll
[2020-09-07 02:32:57Z INFO HostContext] Well known directory 'Bin': '/Users/kokaan.chen/Desktop/VaporProject/larave_vapor_test/actions-runner/bin'
[2020-09-07 02:32:57Z INFO ConfigurationStore] binPath: /Users/kokaan.chen/Desktop/VaporProject/larave_vapor_test/actions-runner/bin
[2020-09-07 02:32:57Z INFO HostContext] Well known directory 'Bin': '/Users/kokaan.chen/Desktop/VaporProject/larave_vapor_test/actions-runner/bin'
[2020-09-07 02:32:57Z INFO HostContext] Well known directory 'Root': '/Users/kokaan.chen/Desktop/VaporProject/larave_vapor_test/actions-runner'
[2020-09-07 02:32:57Z INFO ConfigurationStore] RootFolder: /Users/kokaan.chen/Desktop/VaporProject/larave_vapor_test/actions-runner
[2020-09-07 02:32:57Z INFO HostContext] Well known directory 'Bin': '/Users/kokaan.chen/Desktop/VaporProject/larave_vapor_test/actions-runner/bin'
[2020-09-07 02:32:57Z INFO HostContext] Well known directory 'Root': '/Users/kokaan.chen/Desktop/VaporProject/larave_vapor_test/actions-runner'
[2020-09-07 02:32:57Z INFO HostContext] Well known config file 'Runner': '/Users/kokaan.chen/Desktop/VaporProject/larave_vapor_test/actions-runner/.runner'
[2020-09-07 02:32:57Z INFO ConfigurationStore] ConfigFilePath: /Users/kokaan.chen/Desktop/VaporProject/larave_vapor_test/actions-runner/.runner
[2020-09-07 02:32:57Z INFO HostContext] Well known directory 'Bin': '/Users/kokaan.chen/Desktop/VaporProject/larave_vapor_test/actions-runner/bin'
[2020-09-07 02:32:57Z INFO HostContext] Well known directory 'Root': '/Users/kokaan.chen/Desktop/VaporProject/larave_vapor_test/actions-runner'
[2020-09-07 02:32:57Z INFO HostContext] Well known config file 'Credentials': '/Users/kokaan.chen/Desktop/VaporProject/larave_vapor_test/actions-runner/.credentials'
[2020-09-07 02:32:57Z INFO ConfigurationStore] CredFilePath: /Users/kokaan.chen/Desktop/VaporProject/larave_vapor_test/actions-runner/.credentials
[2020-09-07 02:32:57Z INFO HostContext] Well known directory 'Bin': '/Users/kokaan.chen/Desktop/VaporProject/larave_vapor_test/actions-runner/bin'
[2020-09-07 02:32:57Z INFO HostContext] Well known directory 'Root': '/Users/kokaan.chen/Desktop/VaporProject/larave_vapor_test/actions-runner'
[2020-09-07 02:32:57Z INFO HostContext] Well known config file 'MigratedCredentials': '/Users/kokaan.chen/Desktop/VaporProject/larave_vapor_test/actions-runner/.credentials_migrated'
[2020-09-07 02:32:57Z INFO ConfigurationStore] MigratedCredFilePath: /Users/kokaan.chen/Desktop/VaporProject/larave_vapor_test/actions-runner/.credentials_migrated
[2020-09-07 02:32:57Z INFO HostContext] Well known directory 'Bin': '/Users/kokaan.chen/Desktop/VaporProject/larave_vapor_test/actions-runner/bin'
[2020-09-07 02:32:57Z INFO HostContext] Well known directory 'Root': '/Users/kokaan.chen/Desktop/VaporProject/larave_vapor_test/actions-runner'
[2020-09-07 02:32:57Z INFO HostContext] Well known config file 'Service': '/Users/kokaan.chen/Desktop/VaporProject/larave_vapor_test/actions-runner/.service'
[2020-09-07 02:32:57Z INFO ConfigurationStore] ServiceConfigFilePath: /Users/kokaan.chen/Desktop/VaporProject/larave_vapor_test/actions-runner/.service
[2020-09-07 02:32:57Z INFO CommandSettings] Flag 'help': 'False'
[2020-09-07 02:32:57Z INFO CommandSettings] Flag 'version': 'False'
[2020-09-07 02:32:57Z INFO CommandSettings] Flag 'commit': 'False'
[2020-09-07 02:32:57Z INFO CommandSettings] Command 'configure': 'True'
[2020-09-07 02:32:58Z INFO Terminal] WRITE LINE: 
[2020-09-07 02:32:58Z INFO Terminal] WRITE LINE: --------------------------------------------------------------------------------
[2020-09-07 02:32:58Z INFO Terminal] WRITE LINE: |        ____ _ _   _   _       _          _        _   _                      |
[2020-09-07 02:32:58Z INFO Terminal] WRITE LINE: |       / ___(_) |_| | | |_   _| |__      / \   ___| |_(_) ___  _ __  ___      |
[2020-09-07 02:32:58Z INFO Terminal] WRITE LINE: |      | |  _| | __| |_| | | | | '_ \    / _ \ / __| __| |/ _ \| '_ \/ __|     |
[2020-09-07 02:32:58Z INFO Terminal] WRITE LINE: |      | |_| | | |_|  _  | |_| | |_) |  / ___ \ (__| |_| | (_) | | | \__ \     |
[2020-09-07 02:32:58Z INFO Terminal] WRITE LINE: |       \____|_|\__|_| |_|\__,_|_.__/  /_/   \_\___|\__|_|\___/|_| |_|___/     |
[2020-09-07 02:32:58Z INFO Terminal] WRITE LINE: |                                                                              |
[2020-09-07 02:32:58Z INFO Terminal] WRITE: |                       
[2020-09-07 02:32:58Z INFO Terminal] WRITE: Self-hosted runner registration
[2020-09-07 02:32:58Z INFO Terminal] WRITE LINE:                         |
[2020-09-07 02:32:58Z INFO Terminal] WRITE LINE: |                                                                              |
[2020-09-07 02:32:58Z INFO Terminal] WRITE LINE: --------------------------------------------------------------------------------
[2020-09-07 02:32:58Z INFO ConfigurationManager] ConfigureAsync
[2020-09-07 02:32:58Z INFO ConfigurationStore] IsConfigured()
[2020-09-07 02:32:58Z INFO ConfigurationStore] IsConfigured: False
[2020-09-07 02:32:58Z INFO ConfigurationManager] Is configured: False
[2020-09-07 02:32:58Z INFO CommandSettings] Arg 'url': 'https://github.com/kokaanchen/test'
[2020-09-07 02:32:58Z INFO CommandSettings] Remove url from Arg dictionary.
[2020-09-07 02:32:58Z INFO CommandSettings] Arg 'token': '***'
[2020-09-07 02:32:58Z INFO CommandSettings] Remove token from Arg dictionary.
[2020-09-07 02:33:09Z INFO ConfigurationManager] Http response code: OK from 'POST https://api.github.com/actions/runner-registration'
[2020-09-07 02:33:10Z INFO ConfigurationManager] cred retrieved via GitHub auth
[2020-09-07 02:33:10Z INFO RunnerServer] Establish connection with 100 seconds timeout.
[2020-09-07 02:33:11Z INFO GitHubActionsService] Starting operation Location.GetConnectionData
[2020-09-07 02:33:11Z INFO RunnerServer] Establish connection with 60 seconds timeout.
[2020-09-07 02:33:11Z INFO GitHubActionsService] Starting operation Location.GetConnectionData
[2020-09-07 02:33:11Z INFO RunnerServer] Establish connection with 60 seconds timeout.
[2020-09-07 02:33:11Z INFO GitHubActionsService] Starting operation Location.GetConnectionData
[2020-09-07 02:33:14Z INFO GitHubActionsService] Finished operation Location.GetConnectionData
[2020-09-07 02:33:14Z INFO GitHubActionsService] Finished operation Location.GetConnectionData
[2020-09-07 02:33:14Z INFO GitHubActionsService] Finished operation Location.GetConnectionData
[2020-09-07 02:33:14Z INFO Terminal] WRITE LINE: 
[2020-09-07 02:33:14Z INFO ConfigurationManager] Test Connection complete.
[2020-09-07 02:33:14Z INFO HostContext] Well known directory 'Bin': '/Users/kokaan.chen/Desktop/VaporProject/larave_vapor_test/actions-runner/bin'
[2020-09-07 02:33:14Z INFO HostContext] Well known directory 'Root': '/Users/kokaan.chen/Desktop/VaporProject/larave_vapor_test/actions-runner'
[2020-09-07 02:33:14Z INFO HostContext] Well known config file 'RSACredentials': '/Users/kokaan.chen/Desktop/VaporProject/larave_vapor_test/actions-runner/.credentials_rsaparams'
[2020-09-07 02:33:14Z INFO RSAFileKeyManager] Creating new RSA key using 2048-bit key length
[2020-09-07 02:33:15Z INFO RSAFileKeyManager] Successfully saved RSA key parameters to file /Users/kokaan.chen/Desktop/VaporProject/larave_vapor_test/actions-runner/.credentials_rsaparams
[2020-09-07 02:33:15Z INFO RSAFileKeyManager] Which: 'chmod'
[2020-09-07 02:33:15Z INFO RSAFileKeyManager] Location: '/bin/chmod'
[2020-09-07 02:33:16Z INFO HostContext] Well known directory 'Bin': '/Users/kokaan.chen/Desktop/VaporProject/larave_vapor_test/actions-runner/bin'
[2020-09-07 02:33:16Z INFO HostContext] Well known directory 'Root': '/Users/kokaan.chen/Desktop/VaporProject/larave_vapor_test/actions-runner'
[2020-09-07 02:33:16Z INFO ProcessInvokerWrapper] Starting process:
[2020-09-07 02:33:16Z INFO ProcessInvokerWrapper]   File name: '/bin/chmod'
[2020-09-07 02:33:16Z INFO ProcessInvokerWrapper]   Arguments: '600 /Users/kokaan.chen/Desktop/VaporProject/larave_vapor_test/actions-runner/.credentials_rsaparams'
[2020-09-07 02:33:16Z INFO ProcessInvokerWrapper]   Working directory: '/Users/kokaan.chen/Desktop/VaporProject/larave_vapor_test/actions-runner'
[2020-09-07 02:33:16Z INFO ProcessInvokerWrapper]   Require exit code zero: 'False'
[2020-09-07 02:33:16Z INFO ProcessInvokerWrapper]   Encoding web name:  ; code page: ''
[2020-09-07 02:33:16Z INFO ProcessInvokerWrapper]   Force kill process on cancellation: 'False'
[2020-09-07 02:33:16Z INFO ProcessInvokerWrapper]   Redirected STDIN: 'False'
[2020-09-07 02:33:16Z INFO ProcessInvokerWrapper]   Persist current code page: 'False'
[2020-09-07 02:33:16Z INFO ProcessInvokerWrapper]   Keep redirected STDIN open: 'False'
[2020-09-07 02:33:16Z INFO ProcessInvokerWrapper]   High priority process: 'False'
[2020-09-07 02:33:16Z INFO ProcessInvokerWrapper] Process started with process id 59445, waiting for process exit.
[2020-09-07 02:33:16Z INFO ProcessInvokerWrapper] STDOUT/STDERR stream read finished.
[2020-09-07 02:33:16Z INFO ProcessInvokerWrapper] STDOUT/STDERR stream read finished.
[2020-09-07 02:33:16Z INFO ProcessInvokerWrapper] Finished process 59445 with exit code 0, and elapsed time 00:00:00.0188229.
[2020-09-07 02:33:16Z INFO RSAFileKeyManager] Successfully set permissions for RSA key parameters file /Users/kokaan.chen/Desktop/VaporProject/larave_vapor_test/actions-runner/.credentials_rsaparams
[2020-09-07 02:33:16Z INFO ConfigurationManager] Found a self-hosted runner group with id {1} and name {2} 1, Default
[2020-09-07 02:33:16Z INFO CommandSettings] Arg 'name': ''
[2020-09-07 02:33:16Z INFO CommandSettings] Flag 'unattended': 'False'
[2020-09-07 02:33:16Z INFO PromptManager] ReadValue
[2020-09-07 02:33:16Z INFO Terminal] WRITE: Enter the name of runner: 
[2020-09-07 02:33:16Z INFO Terminal] WRITE: [press Enter for kokaanchens-MBP] 
[2020-09-07 02:33:16Z INFO Terminal] READ LINE
[2020-09-07 02:33:54Z INFO Terminal] Read value: 'test-run'
[2020-09-07 02:33:54Z INFO Terminal] WRITE LINE: 
[2020-09-07 02:33:54Z INFO CommandSettings] Arg 'labels': ''
[2020-09-07 02:33:54Z INFO CommandSettings] Flag 'unattended': 'False'
[2020-09-07 02:33:54Z INFO PromptManager] ReadValue
[2020-09-07 02:33:54Z INFO Terminal] WRITE: This runner will have the following labels: 'self-hosted', 'macOS', 'X64' 
Enter any additional labels (ex. label-1,label-2): 
[2020-09-07 02:33:54Z INFO Terminal] WRITE: [press Enter to skip] 
[2020-09-07 02:33:54Z INFO Terminal] READ LINE
[2020-09-07 02:33:59Z INFO Terminal] Read value: ''
[2020-09-07 02:33:59Z INFO Terminal] WRITE LINE: 
[2020-09-07 02:34:00Z INFO ConfigurationStore] Saving OAuth credential @ /Users/kokaan.chen/Desktop/VaporProject/larave_vapor_test/actions-runner/.credentials
[2020-09-07 02:34:00Z INFO ConfigurationStore] Credentials Saved.
[2020-09-07 02:34:00Z INFO ConfigurationStore] HasCredentials()
[2020-09-07 02:34:00Z INFO ConfigurationStore] stored True
[2020-09-07 02:34:00Z INFO CredentialManager] GetCredentialProvider
[2020-09-07 02:34:00Z INFO CredentialManager] Creating type OAuth
[2020-09-07 02:34:00Z INFO CredentialManager] Creating credential type: OAuth
[2020-09-07 02:34:00Z INFO RSAFileKeyManager] Loading RSA key parameters from file /Users/kokaan.chen/Desktop/VaporProject/larave_vapor_test/actions-runner/.credentials_rsaparams
[2020-09-07 02:34:00Z INFO RunnerServer] Establish connection with 100 seconds timeout.
[2020-09-07 02:34:00Z INFO GitHubActionsService] Starting operation Location.GetConnectionData
[2020-09-07 02:34:00Z INFO RunnerServer] Establish connection with 60 seconds timeout.
[2020-09-07 02:34:00Z INFO GitHubActionsService] Starting operation Location.GetConnectionData
[2020-09-07 02:34:00Z INFO RunnerServer] Establish connection with 60 seconds timeout.
[2020-09-07 02:34:00Z INFO GitHubActionsService] Starting operation Location.GetConnectionData
[2020-09-07 02:34:01Z INFO GitHubActionsService] Finished operation Location.GetConnectionData
[2020-09-07 02:34:02Z INFO GitHubActionsService] Finished operation Location.GetConnectionData
[2020-09-07 02:34:02Z INFO GitHubActionsService] Finished operation Location.GetConnectionData
[2020-09-07 02:34:03Z WARN GitHubActionsService] Authentication failed with status code 401.
WWW-Authenticate: Bearer
Strict-Transport-Security: max-age=2592000
X-TFS-ProcessId: 1e01e84d-9925-4dc8-9206-4bdf24aa3cb3
ActivityId: 3188be20-7ecb-4ede-a335-d4718d47ccf6
X-TFS-Session: 66ab420f-ef92-4c36-b4a9-8ef0348dc931
X-VSS-E2EID: c6b51a87-a5bd-483b-b86a-02d8a5fd4d54
X-VSS-SenderDeploymentId: a07ab14e-025a-39c3-8d53-788cd7ce207f
X-TFS-ServiceError: The+user+%27System%3aPublicAccess%3baaaaaaaa-aaaa-aaaa-aaaa-aaaaaaaaaaaa%27+is+not+authorized+to+access+this+resource.
X-VSS-S2STargetService: 0000005A-0000-8888-8000-000000000000/visualstudio.com
X-MSEdge-Ref: Ref A: 16DBA364BBDE4B5C8728BB28E7D424FF Ref B: KUL30EDGE0209 Ref C: 2020-09-07T02:34:02Z
Date: Mon, 07 Sep 2020 02:34:02 GMT

[2020-09-07 02:34:05Z INFO RSAFileKeyManager] Loading RSA key parameters from file /Users/kokaan.chen/Desktop/VaporProject/larave_vapor_test/actions-runner/.credentials_rsaparams
[2020-09-07 02:34:05Z INFO RSAFileKeyManager] Loading RSA key parameters from file /Users/kokaan.chen/Desktop/VaporProject/larave_vapor_test/actions-runner/.credentials_rsaparams
[2020-09-07 02:34:06Z INFO GitHubActionsService] AAD Correlation ID for this token request: Unknown
[2020-09-07 02:34:06Z WARN GitHubActionsService] Retrieving an AAD auth token took a long time (3.2311441 seconds)
[2020-09-07 02:34:07Z INFO CommandSettings] Arg 'work': ''
[2020-09-07 02:34:07Z INFO CommandSettings] Flag 'unattended': 'False'
[2020-09-07 02:34:07Z INFO PromptManager] ReadValue
[2020-09-07 02:34:07Z INFO Terminal] WRITE: Enter name of work folder: 
[2020-09-07 02:34:07Z INFO Terminal] WRITE: [press Enter for _work] 
[2020-09-07 02:34:07Z INFO Terminal] READ LINE
[2020-09-07 02:34:24Z INFO Terminal] Read value: ''
[2020-09-07 02:34:24Z INFO PromptManager] Falling back to the default: '_work'
[2020-09-07 02:34:24Z INFO ConfigurationStore] Saving runner settings.
[2020-09-07 02:34:25Z INFO ConfigurationStore] Settings Saved.
[2020-09-07 02:34:25Z INFO Terminal] WRITE LINE: 
[2020-09-07 02:34:25Z INFO Terminal] WRITE LINE: 
[2020-09-07 02:34:25Z INFO OsxServiceControlManager] Service name 'actions.runner.kokaanchen-test.test-run' display name 'GitHub Actions Runner (kokaanchen-test.test-run)' will be used for service configuration.
[2020-09-07 02:34:25Z INFO HostContext] Well known directory 'Bin': '/Users/kokaan.chen/Desktop/VaporProject/larave_vapor_test/actions-runner/bin'
[2020-09-07 02:34:25Z INFO HostContext] Well known directory 'Root': '/Users/kokaan.chen/Desktop/VaporProject/larave_vapor_test/actions-runner'
[2020-09-07 02:34:25Z INFO HostContext] Well known directory 'Bin': '/Users/kokaan.chen/Desktop/VaporProject/larave_vapor_test/actions-runner/bin'
[2020-09-07 02:34:25Z INFO HostContext] Well known directory 'Bin': '/Users/kokaan.chen/Desktop/VaporProject/larave_vapor_test/actions-runner/bin'
[2020-09-07 02:34:25Z INFO HostContext] Well known directory 'Root': '/Users/kokaan.chen/Desktop/VaporProject/larave_vapor_test/actions-runner'
[2020-09-07 02:34:25Z INFO UnixUtil] Which: 'chmod'
[2020-09-07 02:34:25Z INFO UnixUtil] Location: '/bin/chmod'
[2020-09-07 02:34:25Z INFO UnixUtil] Running /bin/chmod 755 "/Users/kokaan.chen/Desktop/VaporProject/larave_vapor_test/actions-runner/svc.sh"
[2020-09-07 02:34:25Z INFO ProcessInvokerWrapper] Starting process:
[2020-09-07 02:34:25Z INFO ProcessInvokerWrapper]   File name: '/bin/chmod'
[2020-09-07 02:34:25Z INFO ProcessInvokerWrapper]   Arguments: '755 "/Users/kokaan.chen/Desktop/VaporProject/larave_vapor_test/actions-runner/svc.sh"'
[2020-09-07 02:34:25Z INFO ProcessInvokerWrapper]   Working directory: '/Users/kokaan.chen/Desktop/VaporProject/larave_vapor_test/actions-runner'
[2020-09-07 02:34:25Z INFO ProcessInvokerWrapper]   Require exit code zero: 'True'
[2020-09-07 02:34:25Z INFO ProcessInvokerWrapper]   Encoding web name:  ; code page: ''
[2020-09-07 02:34:25Z INFO ProcessInvokerWrapper]   Force kill process on cancellation: 'False'
[2020-09-07 02:34:25Z INFO ProcessInvokerWrapper]   Redirected STDIN: 'False'
[2020-09-07 02:34:25Z INFO ProcessInvokerWrapper]   Persist current code page: 'False'
[2020-09-07 02:34:25Z INFO ProcessInvokerWrapper]   Keep redirected STDIN open: 'False'
[2020-09-07 02:34:25Z INFO ProcessInvokerWrapper]   High priority process: 'False'
[2020-09-07 02:34:25Z INFO ProcessInvokerWrapper] Process started with process id 59452, waiting for process exit.
[2020-09-07 02:34:25Z INFO ProcessInvokerWrapper] STDOUT/STDERR stream read finished.
[2020-09-07 02:34:25Z INFO ProcessInvokerWrapper] STDOUT/STDERR stream read finished.
[2020-09-07 02:34:25Z INFO ProcessInvokerWrapper] Finished process 59452 with exit code 0, and elapsed time 00:00:00.0074269.
[2020-09-07 02:34:25Z INFO Listener] Runner execution has finished with return code 0
